c:\users\user\desktop\pclcsharp\src\pclsharpwrapper\pclsharpwrapper\x64\release\vc141.pdb
c:\users\user\desktop\pclcsharp\src\pclsharpwrapper\pclsharpwrapper\x64\release\util_module.obj
c:\users\user\desktop\pclcsharp\src\pclsharpwrapper\pclsharpwrapper\x64\release\segmentation.obj
c:\users\user\desktop\pclcsharp\src\pclsharpwrapper\pclsharpwrapper\x64\release\sampleconsensus.obj
c:\users\user\desktop\pclcsharp\src\pclsharpwrapper\pclsharpwrapper\x64\release\pcl_util.obj
c:\users\user\desktop\pclcsharp\src\pclsharpwrapper\pclsharpwrapper\x64\release\io.obj
c:\users\user\desktop\pclcsharp\src\pclsharpwrapper\pclsharpwrapper\x64\release\filter.obj
c:\users\user\desktop\pclcsharp\bin\pcldll.dll
c:\users\user\desktop\pclcsharp\bin\pcldll.pdb
c:\users\user\desktop\pclcsharp\bin\pcldll.lib
c:\users\user\desktop\pclcsharp\bin\pcldll.exp
c:\users\user\desktop\pclcsharp\bin\pcldll.ipdb
c:\users\user\desktop\pclcsharp\bin\pcldll.iobj
c:\users\admin\desktop\pclcsharp\src\pclsharpwrapper\pclsharpwrapper\x64\release\filter.obj
c:\users\admin\desktop\pclcsharp\src\pclsharpwrapper\pclsharpwrapper\x64\release\io.obj
c:\users\admin\desktop\pclcsharp\src\pclsharpwrapper\pclsharpwrapper\x64\release\pcl_util.obj
c:\users\admin\desktop\pclcsharp\src\pclsharpwrapper\pclsharpwrapper\x64\release\sampleconsensus.obj
c:\users\admin\desktop\pclcsharp\src\pclsharpwrapper\pclsharpwrapper\x64\release\segmentation.obj
c:\users\admin\desktop\pclcsharp\src\pclsharpwrapper\pclsharpwrapper\x64\release\util_module.obj
c:\users\admin\desktop\pclcsharp\src\pclsharpwrapper\pclsharpwrapper\x64\release\vc141.pdb
c:\users\admin\desktop\pclcsharp\src\pclsharpwrapper\pclsharpwrapper\..\..\..\bin\pcldll.dll
c:\users\admin\desktop\pclcsharp\src\pclsharpwrapper\pclsharpwrapper\x64\release\pcldll.tlog\cl.command.1.tlog
c:\users\admin\desktop\pclcsharp\src\pclsharpwrapper\pclsharpwrapper\x64\release\pcldll.tlog\cl.read.1.tlog
c:\users\admin\desktop\pclcsharp\src\pclsharpwrapper\pclsharpwrapper\x64\release\pcldll.tlog\cl.write.1.tlog
c:\users\admin\desktop\pclcsharp\src\pclsharpwrapper\pclsharpwrapper\x64\release\pcldll.tlog\link.command.1.tlog
c:\users\admin\desktop\pclcsharp\src\pclsharpwrapper\pclsharpwrapper\x64\release\pcldll.tlog\link.delete.1.tlog
c:\users\admin\desktop\pclcsharp\src\pclsharpwrapper\pclsharpwrapper\x64\release\pcldll.tlog\link.read.1.tlog
c:\users\admin\desktop\pclcsharp\src\pclsharpwrapper\pclsharpwrapper\x64\release\pcldll.tlog\link.write.1.tlog
c:\users\admin\desktop\pclcsharp\src\pclsharpwrapper\pclsharpwrapper\x64\release\pcldll.tlog\pcldll.write.1u.tlog
