D:\Program Files (x86)\Microsoft Visual Studio\2017\Community\Common7\IDE\VC\VCTargets\Microsoft.CppBuild.targets(377,5): warning MSB8004: Output 目录未以斜杠结尾。  此生成实例将添加斜杠，因为必须有这个斜杠才能正确计算 Output 目录。
D:\Program Files (x86)\Microsoft Visual Studio\2017\Community\Common7\IDE\VC\VCTargets\Microsoft.CppBuild.targets(391,5): warning MSB8028: 中间目录(x64\Release\)包含从另一个项目(PclSharpWrapper.vcxproj)共享的文件。   这会导致错误的清除和重新生成行为。
  filter.cpp
  Unknown compiler version - please run the configure tests and report the results
c:\program files\pcl 1.8.1\include\pcl-1.8\pcl\point_traits.h : warning C4819: 该文件包含不能在当前代码页(936)中表示的字符。请将该文件保存为 Unicode 格式以防止数据丢失
c:\program files\pcl 1.8.1\3rdparty\flann\include\flann\algorithms\dist.h : warning C4819: 该文件包含不能在当前代码页(936)中表示的字符。请将该文件保存为 Unicode 格式以防止数据丢失
  io.cpp
  Unknown compiler version - please run the configure tests and report the results
c:\program files\pcl 1.8.1\include\pcl-1.8\pcl\point_traits.h : warning C4819: 该文件包含不能在当前代码页(936)中表示的字符。请将该文件保存为 Unicode 格式以防止数据丢失
  pcl_util.cpp
  Unknown compiler version - please run the configure tests and report the results
c:\program files\pcl 1.8.1\include\pcl-1.8\pcl\point_traits.h : warning C4819: 该文件包含不能在当前代码页(936)中表示的字符。请将该文件保存为 Unicode 格式以防止数据丢失
  sampleConsensus.cpp
  Unknown compiler version - please run the configure tests and report the results
c:\program files\pcl 1.8.1\include\pcl-1.8\pcl\point_traits.h : warning C4819: 该文件包含不能在当前代码页(936)中表示的字符。请将该文件保存为 Unicode 格式以防止数据丢失
c:\program files\pcl 1.8.1\include\pcl-1.8\pcl\sample_consensus\model_types.h(99): warning C4996: 'pcl::SAC_SAMPLE_SIZE': This map is deprecated and is kept only to prevent breaking existing user code. Starting from PCL 1.8.0 model sample size is a protected member of the SampleConsensusModel class
  c:\program files\pcl 1.8.1\include\pcl-1.8\pcl\sample_consensus\model_types.h(99): note: 参见“pcl::SAC_SAMPLE_SIZE”的声明
c:\program files\pcl 1.8.1\3rdparty\flann\include\flann\algorithms\dist.h : warning C4819: 该文件包含不能在当前代码页(936)中表示的字符。请将该文件保存为 Unicode 格式以防止数据丢失
  segmentation.cpp
  Unknown compiler version - please run the configure tests and report the results
c:\program files\pcl 1.8.1\include\pcl-1.8\pcl\point_traits.h : warning C4819: 该文件包含不能在当前代码页(936)中表示的字符。请将该文件保存为 Unicode 格式以防止数据丢失
c:\program files\pcl 1.8.1\3rdparty\flann\include\flann\algorithms\dist.h : warning C4819: 该文件包含不能在当前代码页(936)中表示的字符。请将该文件保存为 Unicode 格式以防止数据丢失
c:\program files\pcl 1.8.1\include\pcl-1.8\pcl\sample_consensus\model_types.h(99): warning C4996: 'pcl::SAC_SAMPLE_SIZE': This map is deprecated and is kept only to prevent breaking existing user code. Starting from PCL 1.8.0 model sample size is a protected member of the SampleConsensusModel class
  c:\program files\pcl 1.8.1\include\pcl-1.8\pcl\sample_consensus\model_types.h(99): note: 参见“pcl::SAC_SAMPLE_SIZE”的声明
  util_module.cpp
  Unknown compiler version - please run the configure tests and report the results
c:\program files\pcl 1.8.1\include\pcl-1.8\pcl\point_traits.h : warning C4819: 该文件包含不能在当前代码页(936)中表示的字符。请将该文件保存为 Unicode 格式以防止数据丢失
c:\program files\pcl 1.8.1\include\pcl-1.8\pcl\sample_consensus\model_types.h(99): warning C4996: 'pcl::SAC_SAMPLE_SIZE': This map is deprecated and is kept only to prevent breaking existing user code. Starting from PCL 1.8.0 model sample size is a protected member of the SampleConsensusModel class
  c:\program files\pcl 1.8.1\include\pcl-1.8\pcl\sample_consensus\model_types.h(99): note: 参见“pcl::SAC_SAMPLE_SIZE”的声明
c:\program files\pcl 1.8.1\3rdparty\flann\include\flann\algorithms\dist.h : warning C4819: 该文件包含不能在当前代码页(936)中表示的字符。请将该文件保存为 Unicode 格式以防止数据丢失
c:\users\user\desktop\pclcsharp\src\pclsharpwrapper\pclsharpwrapper\util_module.cpp(70): warning C4267: “初始化”: 从“size_t”转换到“int”，可能丢失数据
c:\users\user\desktop\pclcsharp\src\pclsharpwrapper\pclsharpwrapper\util_module.cpp(168): warning C4267: “初始化”: 从“size_t”转换到“int”，可能丢失数据
c:\users\user\desktop\pclcsharp\src\pclsharpwrapper\pclsharpwrapper\util_module.cpp(207): warning C4267: “初始化”: 从“size_t”转换到“int”，可能丢失数据
c:\users\user\desktop\pclcsharp\src\pclsharpwrapper\pclsharpwrapper\util_module.cpp(309): warning C4267: “初始化”: 从“size_t”转换到“int”，可能丢失数据
c:\users\user\desktop\pclcsharp\src\pclsharpwrapper\pclsharpwrapper\util_module.cpp(348): warning C4267: “初始化”: 从“size_t”转换到“int”，可能丢失数据
    正在创建库 ..\..\..\bin\PclDll.lib 和对象 ..\..\..\bin\PclDll.exp
  正在生成代码
  All 3695 functions were compiled because no usable IPDB/IOBJ from previous compilation was found.
  已完成代码的生成
  PclSharpWrapper.vcxproj -> C:\Users\user\Desktop\PclCSharp\src\PclSharpWrapper\PclSharpWrapper\..\..\..\bin\PclDll.dll
